<?xml version="1.0" encoding="UTF-8"?>
<!-- Generated by org.testng.reporters.JUnitReportReporter -->
<testsuite skipped="0" hostname="Lenovo" name="testNG.RedBus" tests="3" failures="0" timestamp="06 Jan 2021 05:01:56 GMT" time="43.727" errors="0">
  <testcase name="test1" time="19.749" classname="testNG.RedBus"/>
  <testcase name="test1" time="11.347" classname="testNG.RedBus"/>
  <testcase name="test1" time="12.631" classname="testNG.RedBus"/>
</testsuite> <!-- testNG.RedBus -->
