<?xml version="1.0" encoding="UTF-8"?>
<!-- Generated by org.testng.reporters.JUnitReportReporter -->
<testsuite skipped="0" hostname="Lenovo" name="omanAir.Main" tests="1" failures="0" timestamp="11 Feb 2021 04:43:02 GMT" time="15.081" errors="0">
  <testcase name="test1" time="15.081" classname="omanAir.Main"/>
</testsuite> <!-- omanAir.Main -->
