<?xml version="1.0" encoding="UTF-8"?>
<!-- Generated by org.testng.reporters.JUnitReportReporter -->
<testsuite skipped="0" hostname="Lenovo" name="website.Noon" tests="1" failures="0" timestamp="08 Feb 2021 08:45:17 GMT" time="25.726" errors="0">
  <testcase name="test1" time="25.726" classname="website.Noon"/>
</testsuite> <!-- website.Noon -->
