<?xml version="1.0" encoding="UTF-8"?>
<!-- Generated by org.testng.reporters.JUnitReportReporter -->
<testsuite skipped="0" hostname="Lenovo" name="facebookTestNG.Main" tests="7" failures="0" timestamp="26 Jan 2021 07:02:40 GMT" time="43.066" errors="0">
  <testcase name="datas" time="6.003" classname="facebookTestNG.Main"/>
  <testcase name="datas" time="5.652" classname="facebookTestNG.Main"/>
  <testcase name="datas" time="8.671" classname="facebookTestNG.Main"/>
  <testcase name="datas" time="5.483" classname="facebookTestNG.Main"/>
  <testcase name="datas" time="6.465" classname="facebookTestNG.Main"/>
  <testcase name="datas" time="5.351" classname="facebookTestNG.Main"/>
  <testcase name="datas" time="5.441" classname="facebookTestNG.Main"/>
</testsuite> <!-- facebookTestNG.Main -->
