<?xml version="1.0" encoding="UTF-8"?>
<!-- Generated by org.testng.reporters.JUnitReportReporter -->
<testsuite skipped="0" hostname="Lenovo" name="iberia.Main" tests="1" failures="0" timestamp="14 Feb 2021 08:19:04 GMT" time="45.617" errors="0">
  <testcase name="test1" time="45.617" classname="iberia.Main"/>
</testsuite> <!-- iberia.Main -->
