<?xml version="1.0" encoding="UTF-8"?>
<!-- Generated by org.testng.reporters.JUnitReportReporter -->
<testsuite skipped="0" hostname="Lenovo" name="testNG.Facebook" tests="3" failures="0" timestamp="30 Dec 2020 05:30:14 GMT" time="51.254" errors="0">
  <testcase name="test3" time="23.724" classname="testNG.Facebook"/>
  <testcase name="test5" time="19.072" classname="testNG.Facebook"/>
  <testcase name="test2" time="8.458" classname="testNG.Facebook"/>
</testsuite> <!-- testNG.Facebook -->
