<?xml version="1.0" encoding="UTF-8"?>
<!-- Generated by org.testng.reporters.JUnitReportReporter -->
<testsuite skipped="0" hostname="Lenovo" name="testNG.Facebook2" tests="3" failures="0" timestamp="30 Dec 2020 05:30:14 GMT" time="53.544" errors="0">
  <testcase name="test6" time="9.106" classname="testNG.Facebook2"/>
  <testcase name="test1" time="10.096" classname="testNG.Facebook2"/>
  <testcase name="test4" time="34.342" classname="testNG.Facebook2"/>
</testsuite> <!-- testNG.Facebook2 -->
