<?xml version="1.0" encoding="UTF-8"?>
<!-- Generated by org.testng.reporters.JUnitReportReporter -->
<testsuite skipped="0" hostname="Lenovo" name="testNG.Sample" tests="2" failures="0" timestamp="28 Jan 2021 14:18:27 GMT" time="10.763" errors="0">
  <testcase name="test1" time="10.756" classname="testNG.Sample"/>
  <testcase name="test2" time="0.007" classname="testNG.Sample"/>
</testsuite> <!-- testNG.Sample -->
